{"/Users/Einar/workspace/MicroservicesWorkspace/prod/ticketing/orders/src/app.ts": {"path":"/Users/Einar/workspace/MicroservicesWorkspace/prod/ticketing/orders/src/app.ts","statementMap":{"0":{"start":{"line":1,"column":0},"end":{"line":1,"column":30}},"1":{"start":{"line":2,"column":0},"end":{"line":2,"column":30}},"2":{"start":{"line":3,"column":0},"end":{"line":3,"column":35}},"3":{"start":{"line":4,"column":0},"end":{"line":4,"column":43}},"4":{"start":{"line":5,"column":0},"end":{"line":5,"column":77}},"5":{"start":{"line":7,"column":0},"end":{"line":7,"column":46}},"6":{"start":{"line":8,"column":0},"end":{"line":8,"column":48}},"7":{"start":{"line":9,"column":0},"end":{"line":9,"column":44}},"8":{"start":{"line":10,"column":0},"end":{"line":10,"column":52}},"9":{"start":{"line":12,"column":12},"end":{"line":12,"column":21}},"10":{"start":{"line":32,"column":9},"end":{"line":32,"column":12}},"11":{"start":{"line":13,"column":0},"end":{"line":13,"column":29}},"12":{"start":{"line":14,"column":0},"end":{"line":14,"column":16}},"13":{"start":{"line":15,"column":0},"end":{"line":18,"column":4}},"14":{"start":{"line":19,"column":0},"end":{"line":19,"column":21}},"15":{"start":{"line":21,"column":0},"end":{"line":21,"column":24}},"16":{"start":{"line":22,"column":0},"end":{"line":22,"column":25}},"17":{"start":{"line":23,"column":0},"end":{"line":23,"column":26}},"18":{"start":{"line":24,"column":0},"end":{"line":24,"column":27}},"19":{"start":{"line":26,"column":0},"end":{"line":28,"column":3}},"20":{"start":{"line":26,"column":28},"end":{"line":28,"column":2}},"21":{"start":{"line":27,"column":2},"end":{"line":27,"column":28}},"22":{"start":{"line":30,"column":0},"end":{"line":30,"column":22}}},"fnMap":{"0":{"name":"(anonymous_14)","decl":{"start":{"line":26,"column":13},"end":{"line":26,"column":20}},"loc":{"start":{"line":26,"column":28},"end":{"line":28,"column":2}}},"1":{"name":"(anonymous_15)","decl":{"start":{"line":26,"column":28},"end":{"line":26,"column":null}},"loc":{"start":{"line":26,"column":28},"end":{"line":28,"column":2}}}},"branchMap":{},"s":{"0":4,"1":4,"2":4,"3":4,"4":4,"5":4,"6":4,"7":4,"8":4,"9":4,"10":4,"11":4,"12":4,"13":4,"14":4,"15":4,"16":4,"17":4,"18":4,"19":4,"20":0,"21":0,"22":4},"f":{"0":0,"1":0},"b":{}}
,"/Users/Einar/workspace/MicroservicesWorkspace/prod/ticketing/orders/src/events/publishers/order-cancelled-publisher.ts": {"path":"/Users/Einar/workspace/MicroservicesWorkspace/prod/ticketing/orders/src/events/publishers/order-cancelled-publisher.ts","statementMap":{"0":{"start":{"line":1,"column":0},"end":{"line":1,"column":77}},"1":{"start":{"line":3,"column":0},"end":{"line":3,"column":75}},"2":{"start":{"line":3,"column":45},"end":{"line":3,"column":54}},"3":{"start":{"line":3,"column":0},"end":{"line":3,"column":13}},"4":{"start":{"line":4,"column":11},"end":{"line":4,"column":45}},"5":{"start":{"line":5,"column":0},"end":{"line":5,"column":null}},"6":{"start":{"line":3,"column":13},"end":{"line":3,"column":36}}},"fnMap":{"0":{"name":"(anonymous_6)","decl":{"start":{"line":3,"column":0},"end":{"line":3,"column":13}},"loc":{"start":{"line":3,"column":0},"end":{"line":5,"column":null}}}},"branchMap":{"0":{"loc":{"start":{"line":3,"column":0},"end":{"line":3,"column":13}},"type":"binary-expr","locations":[{"start":{"line":3,"column":0},"end":{"line":3,"column":13}},{"start":{"line":3,"column":0},"end":{"line":3,"column":13}},{"start":{"line":3,"column":0},"end":{"line":3,"column":13}}]}},"s":{"0":4,"1":4,"2":4,"3":2,"4":2,"5":4,"6":4},"f":{"0":6},"b":{"0":[2,2,2]}}
,"/Users/Einar/workspace/MicroservicesWorkspace/prod/ticketing/orders/src/events/publishers/order-created-publisher.ts": {"path":"/Users/Einar/workspace/MicroservicesWorkspace/prod/ticketing/orders/src/events/publishers/order-created-publisher.ts","statementMap":{"0":{"start":{"line":1,"column":0},"end":{"line":1,"column":75}},"1":{"start":{"line":3,"column":0},"end":{"line":3,"column":71}},"2":{"start":{"line":3,"column":43},"end":{"line":3,"column":52}},"3":{"start":{"line":3,"column":0},"end":{"line":3,"column":13}},"4":{"start":{"line":4,"column":11},"end":{"line":4,"column":43}},"5":{"start":{"line":5,"column":0},"end":{"line":5,"column":null}},"6":{"start":{"line":3,"column":13},"end":{"line":3,"column":34}}},"fnMap":{"0":{"name":"(anonymous_6)","decl":{"start":{"line":3,"column":0},"end":{"line":3,"column":13}},"loc":{"start":{"line":3,"column":0},"end":{"line":5,"column":null}}}},"branchMap":{"0":{"loc":{"start":{"line":3,"column":0},"end":{"line":3,"column":13}},"type":"binary-expr","locations":[{"start":{"line":3,"column":0},"end":{"line":3,"column":13}},{"start":{"line":3,"column":0},"end":{"line":3,"column":13}},{"start":{"line":3,"column":0},"end":{"line":3,"column":13}}]}},"s":{"0":4,"1":4,"2":4,"3":9,"4":9,"5":4,"6":4},"f":{"0":13},"b":{"0":[9,9,9]}}
,"/Users/Einar/workspace/MicroservicesWorkspace/prod/ticketing/orders/src/models/order.ts": {"path":"/Users/Einar/workspace/MicroservicesWorkspace/prod/ticketing/orders/src/models/order.ts","statementMap":{"0":{"start":{"line":1,"column":0},"end":{"line":1,"column":32}},"1":{"start":{"line":2,"column":0},"end":{"line":2,"column":9}},"2":{"start":{"line":5,"column":9},"end":{"line":2,"column":48}},"3":{"start":{"line":25,"column":20},"end":{"line":50,"column":2}},"4":{"start":{"line":46,"column":6},"end":{"line":46,"column":23}},"5":{"start":{"line":47,"column":6},"end":{"line":47,"column":null}},"6":{"start":{"line":52,"column":0},"end":{"line":54,"column":2}},"7":{"start":{"line":53,"column":2},"end":{"line":53,"column":26}},"8":{"start":{"line":56,"column":14},"end":{"line":56,"column":72}},"9":{"start":{"line":58,"column":9},"end":{"line":58,"column":14}}},"fnMap":{"0":{"name":"(anonymous_1)","decl":{"start":{"line":5,"column":9},"end":{"line":5,"column":20}},"loc":{"start":{"line":5,"column":9},"end":{"line":2,"column":48}}},"1":{"name":"(anonymous_2)","decl":{"start":{"line":45,"column":13},"end":{"line":45,"column":14}},"loc":{"start":{"line":45,"column":22},"end":{"line":48,"column":5}}},"2":{"name":"(anonymous_3)","decl":{"start":{"line":52,"column":28},"end":{"line":52,"column":29}},"loc":{"start":{"line":52,"column":46},"end":{"line":54,"column":1}}}},"branchMap":{},"s":{"0":4,"1":4,"2":36,"3":4,"4":14,"5":14,"6":4,"7":10,"8":4,"9":4},"f":{"0":32,"1":14,"2":10},"b":{}}
,"/Users/Einar/workspace/MicroservicesWorkspace/prod/ticketing/orders/src/models/ticket.ts": {"path":"/Users/Einar/workspace/MicroservicesWorkspace/prod/ticketing/orders/src/models/ticket.ts","statementMap":{"0":{"start":{"line":1,"column":0},"end":{"line":1,"column":32}},"1":{"start":{"line":2,"column":0},"end":{"line":2,"column":45}},"2":{"start":{"line":22,"column":21},"end":{"line":39,"column":2}},"3":{"start":{"line":35,"column":6},"end":{"line":35,"column":23}},"4":{"start":{"line":36,"column":6},"end":{"line":36,"column":21}},"5":{"start":{"line":41,"column":0},"end":{"line":43,"column":2}},"6":{"start":{"line":42,"column":2},"end":{"line":42,"column":27}},"7":{"start":{"line":45,"column":0},"end":{"line":58,"column":2}},"8":{"start":{"line":46,"column":24},"end":{"line":55,"column":null}},"9":{"start":{"line":46,"column":8},"end":{"line":55,"column":null}},"10":{"start":{"line":57,"column":2},"end":{"line":57,"column":25}},"11":{"start":{"line":60,"column":15},"end":{"line":60,"column":77}},"12":{"start":{"line":62,"column":9},"end":{"line":62,"column":15}}},"fnMap":{"0":{"name":"(anonymous_14)","decl":{"start":{"line":34,"column":13},"end":{"line":34,"column":14}},"loc":{"start":{"line":34,"column":22},"end":{"line":37,"column":5}}},"1":{"name":"(anonymous_15)","decl":{"start":{"line":41,"column":29},"end":{"line":41,"column":30}},"loc":{"start":{"line":41,"column":48},"end":{"line":43,"column":1}}},"2":{"name":"(anonymous_16)","decl":{"start":{"line":45,"column":34},"end":{"line":45,"column":null}},"loc":{"start":{"line":45,"column":34},"end":{"line":58,"column":2}}}},"branchMap":{"0":{"loc":{"start":{"line":46,"column":24},"end":{"line":55,"column":null}},"type":"switch","locations":[{"start":{"line":46,"column":24},"end":{"line":55,"column":null}}]}},"s":{"0":4,"1":4,"2":4,"3":14,"4":14,"5":4,"6":12,"7":4,"8":10,"9":10,"10":10,"11":4,"12":4},"f":{"0":14,"1":12,"2":10},"b":{"0":[10]}}
,"/Users/Einar/workspace/MicroservicesWorkspace/prod/ticketing/orders/src/routes/delete.ts": {"path":"/Users/Einar/workspace/MicroservicesWorkspace/prod/ticketing/orders/src/routes/delete.ts","statementMap":{"0":{"start":{"line":1,"column":0},"end":{"line":1,"column":53}},"1":{"start":{"line":2,"column":0},"end":{"line":2,"column":53}},"2":{"start":{"line":3,"column":0},"end":{"line":3,"column":84}},"3":{"start":{"line":4,"column":0},"end":{"line":4,"column":89}},"4":{"start":{"line":5,"column":0},"end":{"line":5,"column":46}},"5":{"start":{"line":7,"column":15},"end":{"line":7,"column":31}},"6":{"start":{"line":36,"column":19},"end":{"line":36,"column":36}},"7":{"start":{"line":9,"column":0},"end":{"line":34,"column":3}},"8":{"start":{"line":9,"column":86},"end":{"line":34,"column":2}},"9":{"start":{"line":10,"column":10},"end":{"line":10,"column":22}},"10":{"start":{"line":11,"column":16},"end":{"line":13,"column":null}},"11":{"start":{"line":11,"column":8},"end":{"line":13,"column":null}},"12":{"start":{"line":15,"column":2},"end":{"line":17,"column":null}},"13":{"start":{"line":16,"column":4},"end":{"line":16,"column":30}},"14":{"start":{"line":19,"column":2},"end":{"line":21,"column":null}},"15":{"start":{"line":20,"column":4},"end":{"line":20,"column":35}},"16":{"start":{"line":23,"column":2},"end":{"line":23,"column":39}},"17":{"start":{"line":24,"column":2},"end":{"line":24,"column":21}},"18":{"start":{"line":26,"column":2},"end":{"line":31,"column":5}},"19":{"start":{"line":33,"column":2},"end":{"line":33,"column":30}}},"fnMap":{"0":{"name":"(anonymous_14)","decl":{"start":{"line":9,"column":52},"end":{"line":9,"column":59}},"loc":{"start":{"line":9,"column":86},"end":{"line":34,"column":2}}},"1":{"name":"(anonymous_15)","decl":{"start":{"line":9,"column":86},"end":{"line":9,"column":null}},"loc":{"start":{"line":9,"column":86},"end":{"line":34,"column":2}}}},"branchMap":{"0":{"loc":{"start":{"line":15,"column":2},"end":{"line":17,"column":null}},"type":"if","locations":[{"start":{"line":15,"column":2},"end":{"line":17,"column":null}},{"start":{"line":15,"column":2},"end":{"line":17,"column":null}}]},"1":{"loc":{"start":{"line":19,"column":2},"end":{"line":21,"column":null}},"type":"if","locations":[{"start":{"line":19,"column":2},"end":{"line":21,"column":null}},{"start":{"line":19,"column":2},"end":{"line":21,"column":null}}]}},"s":{"0":4,"1":4,"2":4,"3":4,"4":4,"5":4,"6":4,"7":4,"8":2,"9":2,"10":2,"11":2,"12":2,"13":0,"14":2,"15":0,"16":2,"17":4,"18":4,"19":2},"f":{"0":2,"1":2},"b":{"0":[0,2],"1":[0,2]}}
,"/Users/Einar/workspace/MicroservicesWorkspace/prod/ticketing/orders/src/routes/index.ts": {"path":"/Users/Einar/workspace/MicroservicesWorkspace/prod/ticketing/orders/src/routes/index.ts","statementMap":{"0":{"start":{"line":1,"column":0},"end":{"line":1,"column":53}},"1":{"start":{"line":2,"column":0},"end":{"line":2,"column":49}},"2":{"start":{"line":3,"column":0},"end":{"line":3,"column":40}},"3":{"start":{"line":5,"column":15},"end":{"line":5,"column":31}},"4":{"start":{"line":15,"column":19},"end":{"line":15,"column":35}},"5":{"start":{"line":7,"column":0},"end":{"line":13,"column":3}},"6":{"start":{"line":7,"column":74},"end":{"line":13,"column":2}},"7":{"start":{"line":8,"column":17},"end":{"line":10,"column":null}},"8":{"start":{"line":8,"column":8},"end":{"line":10,"column":null}},"9":{"start":{"line":12,"column":2},"end":{"line":12,"column":19}}},"fnMap":{"0":{"name":"(anonymous_14)","decl":{"start":{"line":7,"column":40},"end":{"line":7,"column":47}},"loc":{"start":{"line":7,"column":74},"end":{"line":13,"column":2}}},"1":{"name":"(anonymous_15)","decl":{"start":{"line":7,"column":74},"end":{"line":7,"column":null}},"loc":{"start":{"line":7,"column":74},"end":{"line":13,"column":2}}}},"branchMap":{"0":{"loc":{"start":{"line":8,"column":17},"end":{"line":10,"column":null}},"type":"switch","locations":[{"start":{"line":8,"column":17},"end":{"line":10,"column":null}}]}},"s":{"0":4,"1":4,"2":4,"3":4,"4":4,"5":4,"6":1,"7":1,"8":1,"9":1},"f":{"0":1,"1":1},"b":{"0":[1]}}
,"/Users/Einar/workspace/MicroservicesWorkspace/prod/ticketing/orders/src/routes/new.ts": {"path":"/Users/Einar/workspace/MicroservicesWorkspace/prod/ticketing/orders/src/routes/new.ts","statementMap":{"0":{"start":{"line":1,"column":0},"end":{"line":1,"column":32}},"1":{"start":{"line":2,"column":0},"end":{"line":2,"column":53}},"2":{"start":{"line":3,"column":0},"end":{"line":3,"column":41}},"3":{"start":{"line":4,"column":0},"end":{"line":4,"column":111}},"4":{"start":{"line":5,"column":0},"end":{"line":5,"column":42}},"5":{"start":{"line":6,"column":0},"end":{"line":6,"column":40}},"6":{"start":{"line":7,"column":0},"end":{"line":7,"column":85}},"7":{"start":{"line":8,"column":0},"end":{"line":8,"column":46}},"8":{"start":{"line":10,"column":15},"end":{"line":10,"column":31}},"9":{"start":{"line":65,"column":19},"end":{"line":65,"column":33}},"10":{"start":{"line":12,"column":34},"end":{"line":12,"column":41}},"11":{"start":{"line":14,"column":0},"end":{"line":63,"column":5}},"12":{"start":{"line":19,"column":33},"end":{"line":19,"column":72}},"13":{"start":{"line":22,"column":36},"end":{"line":63,"column":4}},"14":{"start":{"line":23,"column":12},"end":{"line":23,"column":25}},"15":{"start":{"line":26,"column":19},"end":{"line":26,"column":null}},"16":{"start":{"line":26,"column":10},"end":{"line":26,"column":null}},"17":{"start":{"line":27,"column":4},"end":{"line":29,"column":null}},"18":{"start":{"line":28,"column":6},"end":{"line":28,"column":32}},"19":{"start":{"line":32,"column":23},"end":{"line":32,"column":null}},"20":{"start":{"line":32,"column":10},"end":{"line":32,"column":null}},"21":{"start":{"line":33,"column":4},"end":{"line":35,"column":null}},"22":{"start":{"line":34,"column":6},"end":{"line":34,"column":62}},"23":{"start":{"line":38,"column":10},"end":{"line":38,"column":34}},"24":{"start":{"line":39,"column":4},"end":{"line":39,"column":79}},"25":{"start":{"line":42,"column":10},"end":{"line":47,"column":7}},"26":{"start":{"line":48,"column":4},"end":{"line":48,"column":23}},"27":{"start":{"line":51,"column":4},"end":{"line":60,"column":7}},"28":{"start":{"line":62,"column":4},"end":{"line":62,"column":32}}},"fnMap":{"0":{"name":"(anonymous_14)","decl":{"start":{"line":19,"column":14},"end":{"line":19,"column":15}},"loc":{"start":{"line":19,"column":28},"end":{"line":19,"column":41}}},"1":{"name":"(anonymous_15)","decl":{"start":{"line":22,"column":2},"end":{"line":22,"column":9}},"loc":{"start":{"line":22,"column":36},"end":{"line":63,"column":4}}},"2":{"name":"(anonymous_16)","decl":{"start":{"line":22,"column":36},"end":{"line":22,"column":null}},"loc":{"start":{"line":22,"column":36},"end":{"line":63,"column":4}}}},"branchMap":{"0":{"loc":{"start":{"line":27,"column":4},"end":{"line":29,"column":null}},"type":"if","locations":[{"start":{"line":27,"column":4},"end":{"line":29,"column":null}},{"start":{"line":27,"column":4},"end":{"line":29,"column":null}}]},"1":{"loc":{"start":{"line":33,"column":4},"end":{"line":35,"column":null}},"type":"if","locations":[{"start":{"line":33,"column":4},"end":{"line":35,"column":null}},{"start":{"line":33,"column":4},"end":{"line":35,"column":null}}]}},"s":{"0":4,"1":4,"2":4,"3":4,"4":4,"5":4,"6":4,"7":4,"8":4,"9":4,"10":4,"11":4,"12":11,"13":11,"14":11,"15":11,"16":11,"17":11,"18":1,"19":10,"20":10,"21":10,"22":1,"23":9,"24":9,"25":9,"26":18,"27":18,"28":9},"f":{"0":11,"1":11,"2":11},"b":{"0":[1,10],"1":[1,9]}}
,"/Users/Einar/workspace/MicroservicesWorkspace/prod/ticketing/orders/src/routes/show.ts": {"path":"/Users/Einar/workspace/MicroservicesWorkspace/prod/ticketing/orders/src/routes/show.ts","statementMap":{"0":{"start":{"line":1,"column":0},"end":{"line":1,"column":53}},"1":{"start":{"line":2,"column":0},"end":{"line":2,"column":40}},"2":{"start":{"line":3,"column":0},"end":{"line":3,"column":84}},"3":{"start":{"line":5,"column":15},"end":{"line":5,"column":31}},"4":{"start":{"line":21,"column":19},"end":{"line":21,"column":34}},"5":{"start":{"line":7,"column":0},"end":{"line":19,"column":3}},"6":{"start":{"line":7,"column":83},"end":{"line":19,"column":2}},"7":{"start":{"line":8,"column":16},"end":{"line":8,"column":null}},"8":{"start":{"line":8,"column":8},"end":{"line":8,"column":null}},"9":{"start":{"line":10,"column":2},"end":{"line":12,"column":null}},"10":{"start":{"line":11,"column":4},"end":{"line":11,"column":30}},"11":{"start":{"line":14,"column":2},"end":{"line":16,"column":null}},"12":{"start":{"line":15,"column":4},"end":{"line":15,"column":35}},"13":{"start":{"line":18,"column":2},"end":{"line":18,"column":18}}},"fnMap":{"0":{"name":"(anonymous_14)","decl":{"start":{"line":7,"column":49},"end":{"line":7,"column":56}},"loc":{"start":{"line":7,"column":83},"end":{"line":19,"column":2}}},"1":{"name":"(anonymous_15)","decl":{"start":{"line":7,"column":83},"end":{"line":7,"column":null}},"loc":{"start":{"line":7,"column":83},"end":{"line":19,"column":2}}}},"branchMap":{"0":{"loc":{"start":{"line":8,"column":16},"end":{"line":8,"column":null}},"type":"switch","locations":[{"start":{"line":8,"column":16},"end":{"line":8,"column":null}}]},"1":{"loc":{"start":{"line":10,"column":2},"end":{"line":12,"column":null}},"type":"if","locations":[{"start":{"line":10,"column":2},"end":{"line":12,"column":null}},{"start":{"line":10,"column":2},"end":{"line":12,"column":null}}]},"2":{"loc":{"start":{"line":14,"column":2},"end":{"line":16,"column":null}},"type":"if","locations":[{"start":{"line":14,"column":2},"end":{"line":16,"column":null}},{"start":{"line":14,"column":2},"end":{"line":16,"column":null}}]}},"s":{"0":4,"1":4,"2":4,"3":4,"4":4,"5":4,"6":2,"7":2,"8":2,"9":2,"10":0,"11":2,"12":1,"13":1},"f":{"0":2,"1":2},"b":{"0":[2],"1":[0,2],"2":[1,1]}}
}
