TN:
SF:src/app.ts
FN:26,(anonymous_14)
FN:26,(anonymous_15)
FNF:2
FNH:0
FNDA:0,(anonymous_14)
FNDA:0,(anonymous_15)
DA:1,4
DA:2,4
DA:3,4
DA:4,4
DA:5,4
DA:7,4
DA:8,4
DA:9,4
DA:10,4
DA:12,4
DA:13,4
DA:14,4
DA:15,4
DA:19,4
DA:21,4
DA:22,4
DA:23,4
DA:24,4
DA:26,4
DA:27,0
DA:30,4
DA:32,4
LF:22
LH:21
BRF:0
BRH:0
end_of_record
TN:
SF:src/events/publishers/order-cancelled-publisher.ts
FN:3,(anonymous_6)
FNF:1
FNH:1
FNDA:6,(anonymous_6)
DA:1,4
DA:3,4
DA:4,2
DA:5,4
LF:4
LH:4
BRDA:3,0,0,2
BRDA:3,0,1,2
BRDA:3,0,2,2
BRF:3
BRH:3
end_of_record
TN:
SF:src/events/publishers/order-created-publisher.ts
FN:3,(anonymous_6)
FNF:1
FNH:1
FNDA:13,(anonymous_6)
DA:1,4
DA:3,9
DA:4,9
DA:5,4
LF:4
LH:4
BRDA:3,0,0,9
BRDA:3,0,1,9
BRDA:3,0,2,9
BRF:3
BRH:3
end_of_record
TN:
SF:src/models/order.ts
FN:5,(anonymous_1)
FN:45,(anonymous_2)
FN:52,(anonymous_3)
FNF:3
FNH:3
FNDA:32,(anonymous_1)
FNDA:14,(anonymous_2)
FNDA:10,(anonymous_3)
DA:1,4
DA:2,4
DA:5,36
DA:25,4
DA:46,14
DA:47,14
DA:52,4
DA:53,10
DA:56,4
DA:58,4
LF:10
LH:10
BRF:0
BRH:0
end_of_record
TN:
SF:src/models/ticket.ts
FN:34,(anonymous_14)
FN:41,(anonymous_15)
FN:45,(anonymous_16)
FNF:3
FNH:3
FNDA:14,(anonymous_14)
FNDA:12,(anonymous_15)
FNDA:10,(anonymous_16)
DA:1,4
DA:2,4
DA:22,4
DA:35,14
DA:36,14
DA:41,4
DA:42,12
DA:45,4
DA:46,10
DA:57,10
DA:60,4
DA:62,4
LF:12
LH:12
BRDA:46,0,0,10
BRF:1
BRH:1
end_of_record
TN:
SF:src/routes/delete.ts
FN:9,(anonymous_14)
FN:9,(anonymous_15)
FNF:2
FNH:2
FNDA:2,(anonymous_14)
FNDA:2,(anonymous_15)
DA:1,4
DA:2,4
DA:3,4
DA:4,4
DA:5,4
DA:7,4
DA:9,4
DA:10,2
DA:11,2
DA:15,2
DA:16,0
DA:19,2
DA:20,0
DA:23,2
DA:24,4
DA:26,4
DA:33,2
DA:36,4
LF:18
LH:16
BRDA:15,0,0,0
BRDA:15,0,1,2
BRDA:19,1,0,0
BRDA:19,1,1,2
BRF:4
BRH:2
end_of_record
TN:
SF:src/routes/index.ts
FN:7,(anonymous_14)
FN:7,(anonymous_15)
FNF:2
FNH:2
FNDA:1,(anonymous_14)
FNDA:1,(anonymous_15)
DA:1,4
DA:2,4
DA:3,4
DA:5,4
DA:7,4
DA:8,1
DA:12,1
DA:15,4
LF:8
LH:8
BRDA:8,0,0,1
BRF:1
BRH:1
end_of_record
TN:
SF:src/routes/new.ts
FN:19,(anonymous_14)
FN:22,(anonymous_15)
FN:22,(anonymous_16)
FNF:3
FNH:3
FNDA:11,(anonymous_14)
FNDA:11,(anonymous_15)
FNDA:11,(anonymous_16)
DA:1,4
DA:2,4
DA:3,4
DA:4,4
DA:5,4
DA:6,4
DA:7,4
DA:8,4
DA:10,4
DA:12,4
DA:14,4
DA:19,11
DA:22,11
DA:23,11
DA:26,11
DA:27,11
DA:28,1
DA:32,10
DA:33,10
DA:34,1
DA:38,9
DA:39,9
DA:42,9
DA:48,18
DA:51,18
DA:62,9
DA:65,4
LF:27
LH:27
BRDA:27,0,0,1
BRDA:27,0,1,10
BRDA:33,1,0,1
BRDA:33,1,1,9
BRF:4
BRH:4
end_of_record
TN:
SF:src/routes/show.ts
FN:7,(anonymous_14)
FN:7,(anonymous_15)
FNF:2
FNH:2
FNDA:2,(anonymous_14)
FNDA:2,(anonymous_15)
DA:1,4
DA:2,4
DA:3,4
DA:5,4
DA:7,4
DA:8,2
DA:10,2
DA:11,0
DA:14,2
DA:15,1
DA:18,1
DA:21,4
LF:12
LH:11
BRDA:8,0,0,2
BRDA:10,1,0,0
BRDA:10,1,1,2
BRDA:14,2,0,1
BRDA:14,2,1,1
BRF:5
BRH:4
end_of_record
